[01-Dec-2024 10:19:03 Europe/Berlin] PHP Warning:  Undefined variable $currentrole in C:\xampp\htdocs\login\loginsuccess.php on line 14
[01-Dec-2024 10:19:03 Europe/Berlin] PHP Warning:  Undefined variable $currentrole in C:\xampp\htdocs\login\loginsuccess.php on line 17
[01-Dec-2024 10:21:25 Europe/Berlin] PHP Warning:  Undefined variable $currentrole in C:\xampp\htdocs\login\loginsuccess.php on line 19
[01-Dec-2024 10:21:25 Europe/Berlin] PHP Warning:  Undefined variable $currentrole in C:\xampp\htdocs\login\loginsuccess.php on line 22
[01-Dec-2024 10:32:15 Europe/Berlin] PHP Warning:  Undefined variable $currentrole in C:\xampp\htdocs\login\loginsuccess.php on line 19
[01-Dec-2024 10:32:15 Europe/Berlin] PHP Warning:  Undefined variable $currentrole in C:\xampp\htdocs\login\loginsuccess.php on line 22
[01-Dec-2024 10:33:36 Europe/Berlin] PHP Warning:  Undefined variable $currentrole in C:\xampp\htdocs\login\loginsuccess.php on line 19
[01-Dec-2024 10:33:36 Europe/Berlin] PHP Warning:  Undefined variable $currentrole in C:\xampp\htdocs\login\loginsuccess.php on line 22
[01-Dec-2024 10:34:04 Europe/Berlin] PHP Warning:  Undefined variable $currentrole in C:\xampp\htdocs\login\loginsuccess.php on line 18
[01-Dec-2024 10:34:04 Europe/Berlin] PHP Warning:  Undefined variable $currentrole in C:\xampp\htdocs\login\loginsuccess.php on line 21
[01-Dec-2024 10:39:09 Europe/Berlin] PHP Warning:  Undefined array key "acclogin" in C:\xampp\htdocs\login\loginsuccess.php on line 3
[01-Dec-2024 10:39:09 Europe/Berlin] PHP Warning:  Trying to access array offset on value of type null in C:\xampp\htdocs\login\loginsuccess.php on line 5
[01-Dec-2024 10:45:21 Europe/Berlin] PHP Notice:  session_start(): Ignoring session_start() because a session is already active in C:\xampp\htdocs\logout.php on line 7
[01-Dec-2024 11:05:32 Europe/Berlin] PHP Notice:  session_start(): Ignoring session_start() because a session is already active in C:\xampp\htdocs\logout.php on line 7
[01-Dec-2024 20:49:54 Europe/Berlin] PHP Notice:  session_start(): Ignoring session_start() because a session is already active in C:\xampp\htdocs\logout.php on line 7
[01-Dec-2024 21:17:25 Europe/Berlin] PHP Fatal error:  Uncaught Error: mysqli_stmt::bind_param(): Argument #5 cannot be passed by reference in C:\xampp\htdocs\login\developer\register.php:25
Stack trace:
#0 {main}
  thrown in C:\xampp\htdocs\login\developer\register.php on line 25
[01-Dec-2024 21:21:11 Europe/Berlin] PHP Fatal error:  Uncaught ArgumentCountError: The number of elements in the type definition string must match the number of bind variables in C:\xampp\htdocs\login\developer\register.php:28
Stack trace:
#0 C:\xampp\htdocs\login\developer\register.php(28): mysqli_stmt->bind_param('ssssss', 'dev', NULL, '\xD0\xA0\xD0\xB0\xD0\xB7\xD1\x80\xD0\xB0\xD0\xB1\xD0\xBE\xD1...', NULL)
#1 {main}
  thrown in C:\xampp\htdocs\login\developer\register.php on line 28
[01-Dec-2024 21:30:55 Europe/Berlin] PHP Notice:  session_start(): Ignoring session_start() because a session is already active in C:\xampp\htdocs\logout.php on line 7
[01-Dec-2024 21:37:04 Europe/Berlin] PHP Warning:  require(config.php): Failed to open stream: No such file or directory in C:\xampp\htdocs\schoolauth\dev\header.php on line 2
[01-Dec-2024 21:37:04 Europe/Berlin] PHP Fatal error:  Uncaught Error: Failed opening required 'config.php' (include_path='C:\xampp\php\PEAR') in C:\xampp\htdocs\schoolauth\dev\header.php:2
Stack trace:
#0 C:\xampp\htdocs\schoolauth\dev\index.php(14): require()
#1 {main}
  thrown in C:\xampp\htdocs\schoolauth\dev\header.php on line 2
[01-Dec-2024 21:37:26 Europe/Berlin] PHP Warning:  require(config.php): Failed to open stream: No such file or directory in C:\xampp\htdocs\schoolauth\dev\header.php on line 2
[01-Dec-2024 21:37:26 Europe/Berlin] PHP Fatal error:  Uncaught Error: Failed opening required 'config.php' (include_path='C:\xampp\php\PEAR') in C:\xampp\htdocs\schoolauth\dev\header.php:2
Stack trace:
#0 C:\xampp\htdocs\schoolauth\dev\index.php(14): require()
#1 {main}
  thrown in C:\xampp\htdocs\schoolauth\dev\header.php on line 2
[01-Dec-2024 21:37:27 Europe/Berlin] PHP Warning:  require(config.php): Failed to open stream: No such file or directory in C:\xampp\htdocs\schoolauth\dev\header.php on line 2
[01-Dec-2024 21:37:27 Europe/Berlin] PHP Fatal error:  Uncaught Error: Failed opening required 'config.php' (include_path='C:\xampp\php\PEAR') in C:\xampp\htdocs\schoolauth\dev\header.php:2
Stack trace:
#0 C:\xampp\htdocs\schoolauth\dev\index.php(14): require()
#1 {main}
  thrown in C:\xampp\htdocs\schoolauth\dev\header.php on line 2
[02-Dec-2024 07:57:01 Europe/Berlin] PHP Fatal error:  Uncaught Error: mysqli_stmt::bind_param(): Argument #6 cannot be passed by reference in C:\xampp\htdocs\schoolauth\dev\index.php:28
Stack trace:
#0 {main}
  thrown in C:\xampp\htdocs\schoolauth\dev\index.php on line 28
[03-Dec-2024 08:55:54 Europe/Berlin] PHP Warning:  Undefined variable $currentfullname in C:\xampp\htdocs\schoolid\api\auth.php on line 46
[04-Dec-2024 04:59:07 Europe/Berlin] PHP Notice:  session_start(): Ignoring session_start() because a session is already active in C:\xampp\htdocs\logout.php on line 7
[04-Dec-2024 04:59:50 Europe/Berlin] PHP Notice:  session_start(): Ignoring session_start() because a session is already active in C:\xampp\htdocs\logout.php on line 7
[04-Dec-2024 05:00:27 Europe/Berlin] PHP Notice:  session_start(): Ignoring session_start() because a session is already active in C:\xampp\htdocs\logout.php on line 7
[04-Dec-2024 05:00:41 Europe/Berlin] PHP Notice:  session_start(): Ignoring session_start() because a session is already active in C:\xampp\htdocs\logout.php on line 7
[04-Dec-2024 05:04:24 Europe/Berlin] PHP Warning:  Undefined variable $link in C:\xampp\htdocs\login\index.php on line 179
[04-Dec-2024 05:04:40 Europe/Berlin] PHP Warning:  Undefined variable $link in C:\xampp\htdocs\login\index.php on line 178
[04-Dec-2024 05:07:36 Europe/Berlin] PHP Notice:  session_start(): Ignoring session_start() because a session is already active in C:\xampp\htdocs\logout.php on line 7
[04-Dec-2024 05:08:12 Europe/Berlin] PHP Notice:  session_start(): Ignoring session_start() because a session is already active in C:\xampp\htdocs\logout.php on line 7
[04-Dec-2024 05:08:18 Europe/Berlin] PHP Warning:  Undefined variable $currentrole in C:\xampp\htdocs\login\loginsuccess.php on line 14
[04-Dec-2024 05:08:18 Europe/Berlin] PHP Warning:  Undefined variable $currentrole in C:\xampp\htdocs\login\loginsuccess.php on line 17
[04-Dec-2024 05:09:02 Europe/Berlin] PHP Notice:  session_start(): Ignoring session_start() because a session is already active in C:\xampp\htdocs\logout.php on line 7
[04-Dec-2024 05:09:06 Europe/Berlin] PHP Warning:  Undefined variable $currentrole in C:\xampp\htdocs\login\loginsuccess.php on line 13
[04-Dec-2024 05:10:08 Europe/Berlin] PHP Warning:  Undefined array key "to" in C:\xampp\htdocs\mail\index.php on line 184
[04-Dec-2024 05:10:10 Europe/Berlin] PHP Warning:  Undefined array key "to" in C:\xampp\htdocs\mail\index.php on line 184
[04-Dec-2024 05:11:27 Europe/Berlin] PHP Notice:  session_start(): Ignoring session_start() because a session is already active in C:\xampp\htdocs\logout.php on line 7
[04-Dec-2024 05:26:07 Europe/Berlin] PHP Warning:  Undefined variable $currentrole in C:\xampp\htdocs\login\loginsuccess.php on line 13
[04-Dec-2024 05:26:36 Europe/Berlin] PHP Warning:  Undefined variable $currentrole in C:\xampp\htdocs\login\loginsuccess.php on line 13
[04-Dec-2024 05:29:24 Europe/Berlin] PHP Warning:  Undefined variable $currentrole in C:\xampp\htdocs\login\loginsuccess.php on line 13
[04-Dec-2024 05:29:30 Europe/Berlin] PHP Notice:  session_start(): Ignoring session_start() because a session is already active in C:\xampp\htdocs\logout.php on line 7
[04-Dec-2024 05:30:37 Europe/Berlin] PHP Warning:  Undefined variable $currentrole in C:\xampp\htdocs\login\loginsuccess.php on line 13
[06-Dec-2024 06:45:51 Europe/Berlin] PHP Warning:  mysqli::__construct(): (HY000/2002): Подключение не установлено, т.к. конечный компьютер отверг запрос на подключение in C:\xampp\htdocs\config.php on line 31
[06-Dec-2024 06:45:51 Europe/Berlin] Ошибка подключения к базе данных: Подключение не установлено, т.к. конечный компьютер отверг запрос на подключение
[06-Dec-2024 06:45:59 Europe/Berlin] PHP Warning:  mysqli::__construct(): (HY000/2002): Подключение не установлено, т.к. конечный компьютер отверг запрос на подключение in C:\xampp\htdocs\config.php on line 31
[06-Dec-2024 06:45:59 Europe/Berlin] Ошибка подключения к базе данных: Подключение не установлено, т.к. конечный компьютер отверг запрос на подключение
[06-Dec-2024 06:46:33 Europe/Berlin] PHP Warning:  mysqli::__construct(): Error while reading greeting packet. PID=19872 in C:\xampp\htdocs\config.php on line 31
[06-Dec-2024 06:46:33 Europe/Berlin] PHP Warning:  mysqli::__construct(): (HY000/2006): MySQL server has gone away in C:\xampp\htdocs\config.php on line 31
[06-Dec-2024 06:46:33 Europe/Berlin] Ошибка подключения к базе данных: MySQL server has gone away
[08-Dec-2024 05:58:56 Europe/Berlin] PHP Warning:  mysqli::__construct(): (HY000/2002): Подключение не установлено, т.к. конечный компьютер отверг запрос на подключение in C:\xampp\htdocs\config.php on line 31
[08-Dec-2024 05:58:56 Europe/Berlin] Ошибка подключения к базе данных: Подключение не установлено, т.к. конечный компьютер отверг запрос на подключение
